This is pdfTeXk, Version 3.141592-1.40.3 (Web2C 7.5.6) (format=pdflatex 2009.4.22)  2 JUL 2009 15:42
entering extended mode
 %&-line parsing enabled.
**Rapport_de_stage.tex
(./Rapport_de_stage.tex
LaTeX2e <2005/12/01>
Babel <v3.8h> and hyphenation patterns for english, usenglishmax, dumylang, noh
yphenation, loaded.
(/usr/share/texmf-texlive/tex/latex/base/book.cls
Document Class: book 2005/09/16 v1.4f Standard LaTeX document class
(/usr/share/texmf-texlive/tex/latex/base/bk12.clo
File: bk12.clo 2005/09/16 v1.4f Standard LaTeX file (size option)
)
\c@part=\count79
\c@chapter=\count80
\c@section=\count81
\c@subsection=\count82
\c@subsubsection=\count83
\c@paragraph=\count84
\c@subparagraph=\count85
\c@figure=\count86
\c@table=\count87
\abovecaptionskip=\skip41
\belowcaptionskip=\skip42
\bibindent=\dimen102
)
(/usr/share/texmf-texlive/tex/latex/base/makeidx.sty
Package: makeidx 2000/03/29 v1.0m Standard LaTeX package
)
(/usr/share/texmf-texlive/tex/latex/anysize/anysize.sty
Package: anysize 1994/08/13 setting margin sizes

document style option `anysize' loaded
Michael Salzenberg, Thomas Esser, Dirk Hillbrecht
Version 1.0, Aug 13, 1994
\@Leftmargin=\dimen103
\@Rightmargin=\dimen104
\@Topmargin=\dimen105
\@Bottommargin=\dimen106
) (/usr/share/texmf-texlive/tex/latex/mflogo/mflogo.sty
Package: mflogo 1999/03/10 v2.0 LaTeX package for Metafont and MetaPost logos
)
(/usr/share/texmf-texlive/tex/latex/tools/xspace.sty
Package: xspace 2006/05/08 v1.12 Space after command names (DPC,MH)
)
(/usr/share/texmf-texlive/tex/generic/misc/texnames.sty
This is texnames.sty, Version 1.10 <02 March 1998>
) (/usr/share/texmf-texlive/tex/latex/float/float.sty
Package: float 2001/11/08 v1.3d Float enhancements (AL)
\c@float@type=\count88
\float@exts=\toks14
\float@box=\box26
\@float@everytoks=\toks15
\@floatcapt=\box27
)
(/usr/share/texmf-texlive/tex/latex/graphics/epsfig.sty
Package: epsfig 1999/02/16 v1.7a (e)psfig emulation (SPQR)

(/usr/share/texmf-texlive/tex/latex/graphics/graphicx.sty
Package: graphicx 1999/02/16 v1.0f Enhanced LaTeX Graphics (DPC,SPQR)

(/usr/share/texmf-texlive/tex/latex/graphics/keyval.sty
Package: keyval 1999/03/16 v1.13 key=value parser (DPC)
\KV@toks@=\toks16
)
(/usr/share/texmf-texlive/tex/latex/graphics/graphics.sty
Package: graphics 2006/02/20 v1.0o Standard LaTeX Graphics (DPC,SPQR)

(/usr/share/texmf-texlive/tex/latex/graphics/trig.sty
Package: trig 1999/03/16 v1.09 sin cos tan (DPC)
)
(/etc/texmf/tex/latex/config/graphics.cfg
File: graphics.cfg 2007/01/18 v1.5 graphics configuration of teTeX/TeXLive
)
Package graphics Info: Driver file: pdftex.def on input line 90.

(/usr/share/texmf-texlive/tex/latex/pdftex-def/pdftex.def
File: pdftex.def 2007/01/08 v0.04d Graphics/color for pdfTeX
\Gread@gobject=\count89
))
\Gin@req@height=\dimen107
\Gin@req@width=\dimen108
)
\epsfxsize=\dimen109
\epsfysize=\dimen110
)
(/usr/share/texmf-texlive/tex/latex/amsmath/amsmath.sty
Package: amsmath 2000/07/18 v2.13 AMS math features
\@mathmargin=\skip43

For additional information on amsmath, use the `?' option.
(/usr/share/texmf-texlive/tex/latex/amsmath/amstext.sty
Package: amstext 2000/06/29 v2.01

(/usr/share/texmf-texlive/tex/latex/amsmath/amsgen.sty
File: amsgen.sty 1999/11/30 v2.0
\@emptytoks=\toks17
\ex@=\dimen111
))
(/usr/share/texmf-texlive/tex/latex/amsmath/amsbsy.sty
Package: amsbsy 1999/11/29 v1.2d
\pmbraise@=\dimen112
)
(/usr/share/texmf-texlive/tex/latex/amsmath/amsopn.sty
Package: amsopn 1999/12/14 v2.01 operator names
)
\inf@bad=\count90
LaTeX Info: Redefining \frac on input line 211.
\uproot@=\count91
\leftroot@=\count92
LaTeX Info: Redefining \overline on input line 307.
\classnum@=\count93
\DOTSCASE@=\count94
LaTeX Info: Redefining \ldots on input line 379.
LaTeX Info: Redefining \dots on input line 382.
LaTeX Info: Redefining \cdots on input line 467.
\Mathstrutbox@=\box28
\strutbox@=\box29
\big@size=\dimen113
LaTeX Font Info:    Redeclaring font encoding OML on input line 567.
LaTeX Font Info:    Redeclaring font encoding OMS on input line 568.
\macc@depth=\count95
\c@MaxMatrixCols=\count96
\dotsspace@=\muskip10
\c@parentequation=\count97
\dspbrk@lvl=\count98
\tag@help=\toks18
\row@=\count99
\column@=\count100
\maxfields@=\count101
\andhelp@=\toks19
\eqnshift@=\dimen114
\alignsep@=\dimen115
\tagshift@=\dimen116
\tagwidth@=\dimen117
\totwidth@=\dimen118
\lineht@=\dimen119
\@envbody=\toks20
\multlinegap=\skip44
\multlinetaggap=\skip45
\mathdisplay@stack=\toks21
LaTeX Info: Redefining \[ on input line 2666.
LaTeX Info: Redefining \] on input line 2667.
)
(/usr/share/texmf-texlive/tex/latex/amsfonts/amsfonts.sty
Package: amsfonts 2001/10/25 v2.2f
\symAMSa=\mathgroup4
\symAMSb=\mathgroup5
LaTeX Font Info:    Overwriting math alphabet `\mathfrak' in version `bold'
(Font)                  U/euf/m/n --> U/euf/b/n on input line 132.
)
(/usr/share/texmf-texlive/tex/latex/amsfonts/amssymb.sty
Package: amssymb 2002/01/22 v2.2d
)
(/usr/share/texmf-texlive/tex/latex/base/inputenc.sty
Package: inputenc 2006/05/05 v1.1b Input encoding file
\inpenc@prehook=\toks22
\inpenc@posthook=\toks23

(/usr/share/texmf-texlive/tex/latex/base/utf8.def
File: utf8.def 2006/03/30 v1.1i UTF-8 support for inputenc
Now handling font encoding OML ...
... no UTF-8 mapping file for font encoding OML
Now handling font encoding T1 ...
... processing UTF-8 mapping file for font encodingT1

(/usr/share/texmf-texlive/tex/latex/base/t1enc.dfu
File: t1enc.dfu 2006/03/30 v1.1i UTF-8 support for inputenc
   defining Unicode char U+00A1 (decimal 161)
   defining Unicode char U+00A3 (decimal 163)
   defining Unicode char U+00AB (decimal 171)
   defining Unicode char U+00BB (decimal 187)
   defining Unicode char U+00BF (decimal 191)
   defining Unicode char U+00C0 (decimal 192)
   defining Unicode char U+00C1 (decimal 193)
   defining Unicode char U+00C2 (decimal 194)
   defining Unicode char U+00C3 (decimal 195)
   defining Unicode char U+00C4 (decimal 196)
   defining Unicode char U+00C5 (decimal 197)
   defining Unicode char U+00C6 (decimal 198)
   defining Unicode char U+00C7 (decimal 199)
   defining Unicode char U+00C8 (decimal 200)
   defining Unicode char U+00C9 (decimal 201)
   defining Unicode char U+00CA (decimal 202)
   defining Unicode char U+00CB (decimal 203)
   defining Unicode char U+00CC (decimal 204)
   defining Unicode char U+00CD (decimal 205)
   defining Unicode char U+00CE (decimal 206)
   defining Unicode char U+00CF (decimal 207)
   defining Unicode char U+00D0 (decimal 208)
   defining Unicode char U+00D1 (decimal 209)
   defining Unicode char U+00D2 (decimal 210)
   defining Unicode char U+00D3 (decimal 211)
   defining Unicode char U+00D4 (decimal 212)
   defining Unicode char U+00D5 (decimal 213)
   defining Unicode char U+00D6 (decimal 214)
   defining Unicode char U+00D8 (decimal 216)
   defining Unicode char U+00D9 (decimal 217)
   defining Unicode char U+00DA (decimal 218)
   defining Unicode char U+00DB (decimal 219)
   defining Unicode char U+00DC (decimal 220)
   defining Unicode char U+00DD (decimal 221)
   defining Unicode char U+00DE (decimal 222)
   defining Unicode char U+00DF (decimal 223)
   defining Unicode char U+00E0 (decimal 224)
   defining Unicode char U+00E1 (decimal 225)
   defining Unicode char U+00E2 (decimal 226)
   defining Unicode char U+00E3 (decimal 227)
   defining Unicode char U+00E4 (decimal 228)
   defining Unicode char U+00E5 (decimal 229)
   defining Unicode char U+00E6 (decimal 230)
   defining Unicode char U+00E7 (decimal 231)
   defining Unicode char U+00E8 (decimal 232)
   defining Unicode char U+00E9 (decimal 233)
   defining Unicode char U+00EA (decimal 234)
   defining Unicode char U+00EB (decimal 235)
   defining Unicode char U+00EC (decimal 236)
   defining Unicode char U+00ED (decimal 237)
   defining Unicode char U+00EE (decimal 238)
   defining Unicode char U+00EF (decimal 239)
   defining Unicode char U+00F0 (decimal 240)
   defining Unicode char U+00F1 (decimal 241)
   defining Unicode char U+00F2 (decimal 242)
   defining Unicode char U+00F3 (decimal 243)
   defining Unicode char U+00F4 (decimal 244)
   defining Unicode char U+00F5 (decimal 245)
   defining Unicode char U+00F6 (decimal 246)
   defining Unicode char U+00F8 (decimal 248)
   defining Unicode char U+00F9 (decimal 249)
   defining Unicode char U+00FA (decimal 250)
   defining Unicode char U+00FB (decimal 251)
   defining Unicode char U+00FC (decimal 252)
   defining Unicode char U+00FD (decimal 253)
   defining Unicode char U+00FE (decimal 254)
   defining Unicode char U+00FF (decimal 255)
   defining Unicode char U+0102 (decimal 258)
   defining Unicode char U+0103 (decimal 259)
   defining Unicode char U+0104 (decimal 260)
   defining Unicode char U+0105 (decimal 261)
   defining Unicode char U+0106 (decimal 262)
   defining Unicode char U+0107 (decimal 263)
   defining Unicode char U+010C (decimal 268)
   defining Unicode char U+010D (decimal 269)
   defining Unicode char U+010E (decimal 270)
   defining Unicode char U+010F (decimal 271)
   defining Unicode char U+0110 (decimal 272)
   defining Unicode char U+0111 (decimal 273)
   defining Unicode char U+0118 (decimal 280)
   defining Unicode char U+0119 (decimal 281)
   defining Unicode char U+011A (decimal 282)
   defining Unicode char U+011B (decimal 283)
   defining Unicode char U+011E (decimal 286)
   defining Unicode char U+011F (decimal 287)
   defining Unicode char U+0130 (decimal 304)
   defining Unicode char U+0131 (decimal 305)
   defining Unicode char U+0132 (decimal 306)
   defining Unicode char U+0133 (decimal 307)
   defining Unicode char U+0139 (decimal 313)
   defining Unicode char U+013A (decimal 314)
   defining Unicode char U+013D (decimal 317)
   defining Unicode char U+013E (decimal 318)
   defining Unicode char U+0141 (decimal 321)
   defining Unicode char U+0142 (decimal 322)
   defining Unicode char U+0143 (decimal 323)
   defining Unicode char U+0144 (decimal 324)
   defining Unicode char U+0147 (decimal 327)
   defining Unicode char U+0148 (decimal 328)
   defining Unicode char U+014A (decimal 330)
   defining Unicode char U+014B (decimal 331)
   defining Unicode char U+0150 (decimal 336)
   defining Unicode char U+0151 (decimal 337)
   defining Unicode char U+0152 (decimal 338)
   defining Unicode char U+0153 (decimal 339)
   defining Unicode char U+0154 (decimal 340)
   defining Unicode char U+0155 (decimal 341)
   defining Unicode char U+0158 (decimal 344)
   defining Unicode char U+0159 (decimal 345)
   defining Unicode char U+015A (decimal 346)
   defining Unicode char U+015B (decimal 347)
   defining Unicode char U+015E (decimal 350)
   defining Unicode char U+015F (decimal 351)
   defining Unicode char U+0160 (decimal 352)
   defining Unicode char U+0161 (decimal 353)
   defining Unicode char U+0162 (decimal 354)
   defining Unicode char U+0163 (decimal 355)
   defining Unicode char U+0164 (decimal 356)
   defining Unicode char U+0165 (decimal 357)
   defining Unicode char U+016E (decimal 366)
   defining Unicode char U+016F (decimal 367)
   defining Unicode char U+0170 (decimal 368)
   defining Unicode char U+0171 (decimal 369)
   defining Unicode char U+0178 (decimal 376)
   defining Unicode char U+0179 (decimal 377)
   defining Unicode char U+017A (decimal 378)
   defining Unicode char U+017B (decimal 379)
   defining Unicode char U+017C (decimal 380)
   defining Unicode char U+017D (decimal 381)
   defining Unicode char U+017E (decimal 382)
   defining Unicode char U+200C (decimal 8204)
   defining Unicode char U+2013 (decimal 8211)
   defining Unicode char U+2014 (decimal 8212)
   defining Unicode char U+2018 (decimal 8216)
   defining Unicode char U+2019 (decimal 8217)
   defining Unicode char U+201A (decimal 8218)
   defining Unicode char U+201C (decimal 8220)
   defining Unicode char U+201D (decimal 8221)
   defining Unicode char U+201E (decimal 8222)
   defining Unicode char U+2030 (decimal 8240)
   defining Unicode char U+2031 (decimal 8241)
   defining Unicode char U+2039 (decimal 8249)
   defining Unicode char U+203A (decimal 8250)
   defining Unicode char U+2423 (decimal 9251)
)
Now handling font encoding OT1 ...
... processing UTF-8 mapping file for font encodingOT1

(/usr/share/texmf-texlive/tex/latex/base/ot1enc.dfu
File: ot1enc.dfu 2006/03/30 v1.1i UTF-8 support for inputenc
   defining Unicode char U+00A1 (decimal 161)
   defining Unicode char U+00A3 (decimal 163)
   defining Unicode char U+00B8 (decimal 184)
   defining Unicode char U+00BF (decimal 191)
   defining Unicode char U+00C5 (decimal 197)
   defining Unicode char U+00C6 (decimal 198)
   defining Unicode char U+00D8 (decimal 216)
   defining Unicode char U+00DF (decimal 223)
   defining Unicode char U+00E6 (decimal 230)
   defining Unicode char U+00EC (decimal 236)
   defining Unicode char U+00ED (decimal 237)
   defining Unicode char U+00EE (decimal 238)
   defining Unicode char U+00EF (decimal 239)
   defining Unicode char U+00F8 (decimal 248)
   defining Unicode char U+0131 (decimal 305)
   defining Unicode char U+0141 (decimal 321)
   defining Unicode char U+0142 (decimal 322)
   defining Unicode char U+0152 (decimal 338)
   defining Unicode char U+0153 (decimal 339)
   defining Unicode char U+2013 (decimal 8211)
   defining Unicode char U+2014 (decimal 8212)
   defining Unicode char U+2018 (decimal 8216)
   defining Unicode char U+2019 (decimal 8217)
   defining Unicode char U+201C (decimal 8220)
   defining Unicode char U+201D (decimal 8221)
)
Now handling font encoding OMS ...
... processing UTF-8 mapping file for font encodingOMS

(/usr/share/texmf-texlive/tex/latex/base/omsenc.dfu
File: omsenc.dfu 2006/03/30 v1.1i UTF-8 support for inputenc
   defining Unicode char U+00A7 (decimal 167)
   defining Unicode char U+00B6 (decimal 182)
   defining Unicode char U+00B7 (decimal 183)
   defining Unicode char U+2020 (decimal 8224)
   defining Unicode char U+2021 (decimal 8225)
   defining Unicode char U+2022 (decimal 8226)
)
Now handling font encoding OMX ...
... no UTF-8 mapping file for font encoding OMX
Now handling font encoding U ...
... no UTF-8 mapping file for font encoding U
   defining Unicode char U+00A9 (decimal 169)
   defining Unicode char U+00AA (decimal 170)
   defining Unicode char U+00AE (decimal 174)
   defining Unicode char U+00BA (decimal 186)
   defining Unicode char U+02C6 (decimal 710)
   defining Unicode char U+02DC (decimal 732)
   defining Unicode char U+200C (decimal 8204)
   defining Unicode char U+2026 (decimal 8230)
   defining Unicode char U+2122 (decimal 8482)
   defining Unicode char U+2423 (decimal 9251)
))
(/usr/share/texmf-texlive/tex/latex/base/fontenc.sty
Package: fontenc 2005/09/27 v1.99g Standard LaTeX package

(/usr/share/texmf-texlive/tex/latex/base/ts1enc.def
File: ts1enc.def 2001/06/05 v3.0e (jk/car/fm) Standard LaTeX file
Now handling font encoding TS1 ...
... processing UTF-8 mapping file for font encoding TS1

(/usr/share/texmf-texlive/tex/latex/base/ts1enc.dfu
File: ts1enc.dfu 2006/03/30 v1.1i UTF-8 support for inputenc
   defining Unicode char U+00A2 (decimal 162)
   defining Unicode char U+00A3 (decimal 163)
   defining Unicode char U+00A4 (decimal 164)
   defining Unicode char U+00A5 (decimal 165)
   defining Unicode char U+00A6 (decimal 166)
   defining Unicode char U+00A7 (decimal 167)
   defining Unicode char U+00A8 (decimal 168)
   defining Unicode char U+00A9 (decimal 169)
   defining Unicode char U+00AA (decimal 170)
   defining Unicode char U+00AC (decimal 172)
   defining Unicode char U+00AE (decimal 174)
   defining Unicode char U+00AF (decimal 175)
   defining Unicode char U+00B0 (decimal 176)
   defining Unicode char U+00B1 (decimal 177)
   defining Unicode char U+00B2 (decimal 178)
   defining Unicode char U+00B3 (decimal 179)
   defining Unicode char U+00B4 (decimal 180)
   defining Unicode char U+00B5 (decimal 181)
   defining Unicode char U+00B6 (decimal 182)
   defining Unicode char U+00B7 (decimal 183)
   defining Unicode char U+00B9 (decimal 185)
   defining Unicode char U+00BA (decimal 186)
   defining Unicode char U+00BC (decimal 188)
   defining Unicode char U+00BD (decimal 189)
   defining Unicode char U+00BE (decimal 190)
   defining Unicode char U+00D7 (decimal 215)
   defining Unicode char U+00F7 (decimal 247)
   defining Unicode char U+0192 (decimal 402)
   defining Unicode char U+02C7 (decimal 711)
   defining Unicode char U+02D8 (decimal 728)
   defining Unicode char U+02DD (decimal 733)
   defining Unicode char U+0E3F (decimal 3647)
   defining Unicode char U+2016 (decimal 8214)
   defining Unicode char U+2020 (decimal 8224)
   defining Unicode char U+2021 (decimal 8225)
   defining Unicode char U+2022 (decimal 8226)
   defining Unicode char U+2030 (decimal 8240)
   defining Unicode char U+2031 (decimal 8241)
   defining Unicode char U+203B (decimal 8251)
   defining Unicode char U+203D (decimal 8253)
   defining Unicode char U+2044 (decimal 8260)
   defining Unicode char U+204E (decimal 8270)
   defining Unicode char U+2052 (decimal 8274)
   defining Unicode char U+20A1 (decimal 8353)
   defining Unicode char U+20A4 (decimal 8356)
   defining Unicode char U+20A6 (decimal 8358)
   defining Unicode char U+20A9 (decimal 8361)
   defining Unicode char U+20AB (decimal 8363)
   defining Unicode char U+20AC (decimal 8364)
   defining Unicode char U+20B1 (decimal 8369)
   defining Unicode char U+2103 (decimal 8451)
   defining Unicode char U+2116 (decimal 8470)
   defining Unicode char U+2117 (decimal 8471)
   defining Unicode char U+211E (decimal 8478)
   defining Unicode char U+2120 (decimal 8480)
   defining Unicode char U+2122 (decimal 8482)
   defining Unicode char U+2126 (decimal 8486)
   defining Unicode char U+2127 (decimal 8487)
   defining Unicode char U+212E (decimal 8494)
   defining Unicode char U+2190 (decimal 8592)
   defining Unicode char U+2191 (decimal 8593)
   defining Unicode char U+2192 (decimal 8594)
   defining Unicode char U+2193 (decimal 8595)
   defining Unicode char U+2329 (decimal 9001)
   defining Unicode char U+232A (decimal 9002)
   defining Unicode char U+2422 (decimal 9250)
   defining Unicode char U+25E6 (decimal 9702)
   defining Unicode char U+25EF (decimal 9711)
   defining Unicode char U+266A (decimal 9834)
))
(/usr/share/texmf-texlive/tex/latex/base/ot1enc.def
File: ot1enc.def 2005/09/27 v1.99g Standard LaTeX file
LaTeX Font Info:    Redeclaring font encoding OT1 on input line 43.
)
(/usr/share/texmf-texlive/tex/latex/base/t1enc.def
File: t1enc.def 2005/09/27 v1.99g Standard LaTeX file
LaTeX Font Info:    Redeclaring font encoding T1 on input line 43.
))
(/usr/share/texmf-texlive/tex/generic/babel/babel.sty
Package: babel 2005/11/23 v3.8h The Babel package

(/usr/share/texmf-texlive/tex/generic/babel/frenchb.ldf
Language: french 2005/02/06 v1.6g French support from the babel system

(/usr/share/texmf-texlive/tex/generic/babel/babel.def
File: babel.def 2005/11/23 v3.8h Babel common definitions
\babel@savecnt=\count102
\U@D=\dimen120
)

Package babel Warning: No hyphenation patterns were loaded for
(babel)                the language `French'
(babel)                I will use the patterns loaded for \language=0 instead.

\l@french = a dialect from \language0
Package babel Info: Making : an active character on input line 219.
Package babel Info: Making ; an active character on input line 220.
Package babel Info: Making ! an active character on input line 221.
Package babel Info: Making ? an active character on input line 222.
LaTeX Font Info:    Redeclaring font encoding T1 on input line 299.
\parindentFFN=\dimen121
\std@mcc=\count103
\dec@mcc=\count104
*************************************
* Local config file frenchb.cfg used
*
(/usr/share/texmf-texlive/tex/generic/babel/frenchb.cfg)))
(/usr/share/texmf-texlive/tex/generic/dvips/colordvi.sty)
(/usr/share/texmf-texlive/tex/latex/listings/listings.sty
\lst@mode=\count105
\lst@gtempboxa=\box30
\lst@token=\toks24
\lst@length=\count106
\lst@currlwidth=\dimen122
\lst@column=\count107
\lst@pos=\count108
\lst@lostspace=\dimen123
\lst@width=\dimen124
\lst@newlines=\count109
\lst@lineno=\count110
\c@lstlisting=\count111
\lst@maxwidth=\dimen125

(/usr/share/texmf-texlive/tex/latex/listings/lstpatch.sty
File: lstpatch.sty 2004/10/17 1.3b (Carsten Heinz)
)
(/usr/share/texmf-texlive/tex/latex/listings/lstmisc.sty
File: lstmisc.sty 2004/09/07 1.3 (Carsten Heinz)
\c@lstnumber=\count112
\lst@skipnumbers=\count113
\lst@framebox=\box31
)
(/usr/share/texmf-texlive/tex/latex/listings/listings.cfg
File: listings.cfg 2004/09/05 1.3 listings configuration
))
Package: listings 2004/10/17 1.3b (Carsten Heinz)

(/usr/share/texmf-texlive/tex/latex/graphics/color.sty
Package: color 2005/11/14 v1.0j Standard LaTeX Color (DPC)

(/etc/texmf/tex/latex/config/color.cfg
File: color.cfg 2007/01/18 v1.5 color configuration of teTeX/TeXLive
)
Package color Info: Driver file: pdftex.def on input line 130.

(/usr/share/texmf-texlive/tex/latex/graphics/dvipsnam.def
File: dvipsnam.def 1999/02/16 v3.0i Driver-dependant file (DPC,SPQR)
))
(/usr/share/texmf-texlive/tex/latex/hyperref/hyperref.sty
Package: hyperref 2007/02/07 v6.75r Hypertext links for LaTeX
\@linkdim=\dimen126
\Hy@linkcounter=\count114
\Hy@pagecounter=\count115

(/usr/share/texmf-texlive/tex/latex/hyperref/pd1enc.def
File: pd1enc.def 2007/02/07 v6.75r Hyperref: PDFDocEncoding definition (HO)
Now handling font encoding PD1 ...
... no UTF-8 mapping file for font encoding PD1
)
(/etc/texmf/tex/latex/config/hyperref.cfg
File: hyperref.cfg 2002/06/06 v1.2 hyperref configuration of TeXLive
)
(/usr/share/texmf-texlive/tex/latex/oberdiek/kvoptions.sty
Package: kvoptions 2006/08/22 v2.4 Connects package keyval with LaTeX options (
HO)
)
Package hyperref Info: Hyper figures OFF on input line 2288.
Package hyperref Info: Link nesting OFF on input line 2293.
Package hyperref Info: Hyper index ON on input line 2296.
Package hyperref Info: Plain pages OFF on input line 2303.
Package hyperref Info: Backreferencing OFF on input line 2308.

Implicit mode ON; LaTeX internals redefined
Package hyperref Info: Bookmarks ON on input line 2444.
(/usr/share/texmf-texlive/tex/latex/ltxmisc/url.sty
\Urlmuskip=\muskip11
Package: url 2005/06/27  ver 3.2  Verb mode for urls, etc.
)
LaTeX Info: Redefining \url on input line 2599.
\Fld@menulength=\count116
\Field@Width=\dimen127
\Fld@charsize=\dimen128
\Choice@toks=\toks25
\Field@toks=\toks26
Package hyperref Info: Hyper figures OFF on input line 3102.
Package hyperref Info: Link nesting OFF on input line 3107.
Package hyperref Info: Hyper index ON on input line 3110.
Package hyperref Info: backreferencing OFF on input line 3117.
Package hyperref Info: Link coloring OFF on input line 3122.
\Hy@abspage=\count117
\c@Item=\count118
\c@Hfootnote=\count119
)
*hyperref using default driver hpdftex*
(/usr/share/texmf-texlive/tex/latex/hyperref/hpdftex.def
File: hpdftex.def 2007/02/07 v6.75r Hyperref driver for pdfTeX
\Fld@listcount=\count120
)
(/usr/share/texmf-texlive/tex/latex/caption/caption.sty
Package: caption 2007/01/07 v3.0k Customising captions (AR)

(/usr/share/texmf-texlive/tex/latex/caption/caption3.sty
Package: caption3 2007/01/07 v3.0k caption3 kernel (AR)
\captionmargin=\dimen129
\captionmarginx=\dimen130
\captionwidth=\dimen131
\captionindent=\dimen132
\captionparindent=\dimen133
\captionhangindent=\dimen134
)
Package caption Info: float package v1.3 (or newer) detected on input line 275.

Package caption Info: hyperref package v6.74m (or newer) detected on input line
 304.
Package caption Info: listings package v1.2 (or newer) detected on input line 3
38.
)
(/usr/share/texmf-texlive/tex/latex/fancyhdr/fancyhdr.sty
\fancy@headwidth=\skip46
\f@ncyO@elh=\skip47
\f@ncyO@erh=\skip48
\f@ncyO@olh=\skip49
\f@ncyO@orh=\skip50
\f@ncyO@elf=\skip51
\f@ncyO@erf=\skip52
\f@ncyO@olf=\skip53
\f@ncyO@orf=\skip54
)

Package Fancyhdr Warning: \fancyhead's `E' option without twoside option is use
less on input line 25.


Package Fancyhdr Warning: \fancyhead's `E' option without twoside option is use
less on input line 27.

(/usr/share/texmf-texlive/tex/latex/listings/lstlang1.sty
File: lstlang1.sty 2004/09/05 1.3 listings language file
)
(/usr/share/texmf-texlive/tex/latex/listings/lstmisc.sty
File: lstmisc.sty 2004/09/07 1.3 (Carsten Heinz)
)
(./Rapport_de_stage.aux)
\openout1 = `Rapport_de_stage.aux'.

LaTeX Font Info:    Checking defaults for OML/cmm/m/it on input line 144.
LaTeX Font Info:    ... okay on input line 144.
LaTeX Font Info:    Checking defaults for T1/lmr/m/n on input line 144.
LaTeX Font Info:    Try loading font information for T1+lmr on input line 144.
 (/usr/share/texmf/tex/latex/lm/t1lmr.fd
File: t1lmr.fd 2007/01/14 v1.3 Font defs for Latin Modern
)
LaTeX Font Info:    ... okay on input line 144.
LaTeX Font Info:    Checking defaults for OT1/cmr/m/n on input line 144.
LaTeX Font Info:    ... okay on input line 144.
LaTeX Font Info:    Checking defaults for OMS/cmsy/m/n on input line 144.
LaTeX Font Info:    ... okay on input line 144.
LaTeX Font Info:    Checking defaults for OMX/cmex/m/n on input line 144.
LaTeX Font Info:    ... okay on input line 144.
LaTeX Font Info:    Checking defaults for U/cmr/m/n on input line 144.
LaTeX Font Info:    ... okay on input line 144.
LaTeX Font Info:    Checking defaults for TS1/cmr/m/n on input line 144.
LaTeX Font Info:    Try loading font information for TS1+cmr on input line 144.


(/usr/share/texmf-texlive/tex/latex/base/ts1cmr.fd
File: ts1cmr.fd 1999/05/25 v2.5h Standard LaTeX font definitions
)
LaTeX Font Info:    ... okay on input line 144.
LaTeX Font Info:    Checking defaults for PD1/pdf/m/n on input line 144.
LaTeX Font Info:    ... okay on input line 144.


Package frenchb.ldf Warning: The definition of \@makecaption has been changed,
(frenchb.ldf)                frenchb will NOT customize it;
(frenchb.ldf)                reported on input line 144.

LaTeX Info: Redefining \dots on input line 144.
Package hyperref Info: Link coloring OFF on input line 144.
(/usr/share/texmf-texlive/tex/latex/hyperref/nameref.sty
Package: nameref 2006/12/27 v2.28 Cross-referencing by name of section

(/usr/share/texmf-texlive/tex/latex/oberdiek/refcount.sty
Package: refcount 2006/02/20 v3.0 Data extraction from references (HO)
)
\c@section@level=\count121
)
LaTeX Info: Redefining \ref on input line 144.
LaTeX Info: Redefining \pageref on input line 144.

(./Rapport_de_stage.out) (./Rapport_de_stage.out)
\@outlinefile=\write3
\openout3 = `Rapport_de_stage.out'.


<images/logo-ufc.jpg, id=7, 301.125pt x 168.63pt>
File: images/logo-ufc.jpg Graphic file (type jpg)
 <use images/logo-ufc.jpg>
<images/logo-lifc.png, id=8, 104.39pt x 85.31876pt>
File: images/logo-lifc.png Graphic file (type png)
 <use images/logo-lifc.png>
LaTeX Font Info:    Try loading font information for OT1+ptm on input line 146.


(/usr/share/texmf-texlive/tex/latex/psnfss/ot1ptm.fd
File: ot1ptm.fd 2001/06/04 font definitions for OT1/ptm.
)
! Font OT1/ptm/m/n/12=ptmr7t at 12.0pt not loadable: Metric (TFM) file not foun
d.
<to be read again> 
                   relax 
l.146     	\maketitle
                     
I wasn't able to read the size data for this font,
so I will ignore the font specification.
[Wizards can fix TFM files using TFtoPL/PLtoTF.]
You might try inserting a different font spec;
e.g., type `I\font<same font id>=<substitute font name>'.

! Font OT1/ptm/m/n/24.88=ptmr7t at 24.88pt not loadable: Metric (TFM) file not 
found.
<to be read again> 
                   relax 
l.146     	\maketitle
                     
I wasn't able to read the size data for this font,
so I will ignore the font specification.
[Wizards can fix TFM files using TFtoPL/PLtoTF.]
You might try inserting a different font spec;
e.g., type `I\font<same font id>=<substitute font name>'.

Missing character: There is no I in font nullfont!
Missing character: There is no n in font nullfont!
Missing character: There is no t in font nullfont!
Missing character: There is no r in font nullfont!
Missing character: There is no o in font nullfont!
Missing character: There is no d in font nullfont!
Missing character: There is no u in font nullfont!
Missing character: There is no c in font nullfont!
Missing character: There is no t in font nullfont!
Missing character: There is no i in font nullfont!
Missing character: There is no o in font nullfont!
Missing character: There is no n in font nullfont!
Missing character: There is no d in font nullfont!
Missing character: There is no ' in font nullfont!
Missing character: There is no u in font nullfont!
Missing character: There is no n in font nullfont!
Missing character: There is no m in font nullfont!
Missing character: There is no o in font nullfont!
Missing character: There is no d in font nullfont!
Missing character: There is no e in font nullfont!
Missing character: There is no l in font nullfont!
Missing character: There is no e in font nullfont!
Missing character: There is no u in font nullfont!
Missing character: There is no r in font nullfont!
Missing character: There is no o in font nullfont!
Missing character: There is no p in font nullfont!
Missing character: There is no e in font nullfont!
Missing character: There is no n in font nullfont!
Missing character: There is no s in font nullfont!
Missing character: There is no o in font nullfont!
Missing character: There is no u in font nullfont!
Missing character: There is no r in font nullfont!
Missing character: There is no c in font nullfont!
Missing character: There is no e in font nullfont!
Missing character: There is no d in font nullfont!
Missing character: There is no a in font nullfont!
Missing character: There is no n in font nullfont!
Missing character: There is no s in font nullfont!
Missing character: There is no l in font nullfont!
Missing character: There is no a in font nullfont!
Missing character: There is no s in font nullfont!
Missing character: There is no o in font nullfont!
Missing character: There is no l in font nullfont!
Missing character: There is no u in font nullfont!
Missing character: There is no t in font nullfont!
Missing character: There is no i in font nullfont!
Missing character: There is no o in font nullfont!
Missing character: There is no n in font nullfont!
Missing character: There is no S in font nullfont!
Missing character: There is no m in font nullfont!
Missing character: There is no a in font nullfont!
Missing character: There is no r in font nullfont!
Missing character: There is no t in font nullfont!
Missing character: There is no e in font nullfont!
Missing character: There is no s in font nullfont!
Missing character: There is no t in font nullfont!
Missing character: There is no i in font nullfont!
Missing character: There is no n in font nullfont!
Missing character: There is no g in font nullfont!
LaTeX Font Info:    Try loading font information for OT1+phv on input line 146.

(/usr/share/texmf-texlive/tex/latex/psnfss/ot1phv.fd
File: ot1phv.fd 2001/06/04 scalable font definitions for OT1/phv.
)
! Font OT1/phv/m/n/12=phvr7t at 12.0pt not loadable: Metric (TFM) file not foun
d.
<to be read again> 
                   relax 
l.146     	\maketitle
                     
I wasn't able to read the size data for this font,
so I will ignore the font specification.
[Wizards can fix TFM files using TFtoPL/PLtoTF.]
You might try inserting a different font spec;
e.g., type `I\font<same font id>=<substitute font name>'.

! Font OT1/phv/m/n/17.28=phvr7t at 17.28pt not loadable: Metric (TFM) file not 
found.
<to be read again> 
                   relax 
l.146     	\maketitle
                     
I wasn't able to read the size data for this font,
so I will ignore the font specification.
[Wizards can fix TFM files using TFtoPL/PLtoTF.]
You might try inserting a different font spec;
e.g., type `I\font<same font id>=<substitute font name>'.

Missing character: There is no C in font nullfont!
Missing character: There is no y in font nullfont!
Missing character: There is no r in font nullfont!
Missing character: There is no i in font nullfont!
Missing character: There is no l in font nullfont!
! Font OT1/phv/m/sc/17.28=phvrc7t at 17.28pt not loadable: Metric (TFM) file no
t found.
<to be read again> 
                   relax 
l.146     	\maketitle
                     
I wasn't able to read the size data for this font,
so I will ignore the font specification.
[Wizards can fix TFM files using TFtoPL/PLtoTF.]
You might try inserting a different font spec;
e.g., type `I\font<same font id>=<substitute font name>'.

Missing character: There is no M in font nullfont!
Missing character: There is no o in font nullfont!
Missing character: There is no u in font nullfont!
Missing character: There is no t in font nullfont!
Missing character: There is no e in font nullfont!
Missing character: There is no n in font nullfont!
Missing character: There is no e in font nullfont!
Missing character: There is no t in font nullfont!
<images/logo-smartesting.png, id=9, 409.53pt x 137.7647pt>
File: images/logo-smartesting.png Graphic file (type png)

<use images/logo-smartesting.png> [1


{/var/lib/texmf/fonts/map/pdftex/updmap/pdftex.map} <./images/logo-ufc.jpg> <./
images/logo-lifc.png (PNG copy)> <./images/logo-smartesting.png (PNG copy)>] [2



]
\openout2 = `remerciements.aux'.

 (./remerciements.tex
<images/remerciementsFinal.png, id=22, 487.275pt x 374.49pt>
File: images/remerciementsFinal.png Graphic file (type png)

<use images/remerciementsFinal.png>) [3


 <./images/remerciementsFinal.png>]

Package hyperref Warning: old toc file detected, not used; run LaTeX again.

\tf@toc=\write4
\openout4 = `Rapport_de_stage.toc'.

(./content.tex [4


] (./introduction.tex
Chapitre 1.

LaTeX Warning: Reference `Temis' on page 1 undefined on input line 7.

LaTeX Font Info:    Try loading font information for U+msa on input line 7.
(/usr/share/texmf-texlive/tex/latex/amsfonts/umsa.fd
File: umsa.fd 2002/01/19 v2.2g AMS font definitions
)
LaTeX Font Info:    Try loading font information for U+msb on input line 7.

(/usr/share/texmf-texlive/tex/latex/amsfonts/umsb.fd
File: umsb.fd 2002/01/19 v2.2g AMS font definitions
)
<images/temis.jpg, id=40, 1422.31375pt x 1027.84pt>
File: images/temis.jpg Graphic file (type jpg)
 <use images/temis.jpg>

LaTeX Warning: Reference `SolutionSmartesting' on page 1 undefined on input lin
e 19.


LaTeX Warning: Reference `SolutionSmartesting' on page 1 undefined on input lin
e 19.

<images/TestDesigner.png, id=42, 762.85pt x 319.1925pt>
File: images/TestDesigner.png Graphic file (type png)

<use images/TestDesigner.png> [1


 <./images/temis.jpg>]

LaTeX Warning: Reference `figure:TheSolutionSmartesting' on page 2 undefined on
 input line 48.


LaTeX Warning: Reference `figure:TheSolutionSmartesting' on page 2 undefined on
 input line 48.

<images/TheSolutionSmartesting.png, id=60, 1096.095pt x 602.25pt>
File: images/TheSolutionSmartesting.png Graphic file (type png)

<use images/TheSolutionSmartesting.png>

Package Fancyhdr Warning: \headheight is too small (12.5pt): 
 Make it at least 14.49998pt.
 We now make it that large for the rest of the document.
 This may cause the page layout to be inconsistent, however.

[2 <./images/TestDesigner.png>]
<images/logo-vetess.png, id=72, 217.81375pt x 75.28125pt>
File: images/logo-vetess.png Graphic file (type png)

<use images/logo-vetess.png> [3 <./images/TheSolutionSmartesting.png>]

LaTeX Warning: Reference `figure:PartenairesVetess' on page 4 undefined on inpu
t line 85.


LaTeX Warning: Reference `figure:PartenairesVetess' on page 4 undefined on inpu
t line 85.

<images/PartenaireVetess.png, id=85, 771.88374pt x 80.3pt>
File: images/PartenaireVetess.png Graphic file (type png)

<use images/PartenaireVetess.png>

LaTeX Warning: Reference `ObjectifPapyrus' on page 4 undefined on input line 10
1.


LaTeX Warning: Reference `ObjectifPapyrus' on page 4 undefined on input line 10
1.


Overfull \hbox (5.81111pt too wide) in paragraph at lines 98--102
 \T1/cmr/bx/n/12 La so-lu-tion Smartest-ing par rap-port à VET-ESS :[] \T1/cmr/
m/n/12 Il est im-por-tant que Smartest-
 []

<images/objectif_papyrus2.png, id=86, 483.30562pt x 281.55188pt>
File: images/objectif_papyrus2.png Graphic file (type png)

<use images/objectif_papyrus2.png>

LaTeX Warning: Reference `ObjectifPapyrus' on page 4 undefined on input line 11
2.


LaTeX Warning: Reference `ObjectifPapyrus' on page 4 undefined on input line 11
2.

[4 <./images/logo-vetess.png> <./images/PartenaireVetess.png> <./images/objecti
f_papyrus2.png (PNG copy)>]

LaTeX Warning: Reference `reorganisation' on page 5 undefined on input line 126
.


LaTeX Warning: Reference `reorganisation' on page 5 undefined on input line 126
.

<images/reorganisation2.png, id=98, 630.10406pt x 478.03593pt>
File: images/reorganisation2.png Graphic file (type png)

<use images/reorganisation2.png>

LaTeX Warning: Reference `reorganisation' on page 5 undefined on input line 136
.

[5 <./images/reorganisation2.png (PNG copy)>]

LaTeX Warning: Reference `reorganisation' on page 6 undefined on input line 146
.


LaTeX Warning: Reference `reorganisation' on page 6 undefined on input line 149
.


LaTeX Warning: Reference `reorganisation' on page 6 undefined on input line 149
.

[6] [7] [8]) (./exploration.tex [9]
Chapitre 2.
[10

]

LaTeX Warning: Reference `OpenProject' on page 11 undefined on input line 65.


LaTeX Warning: Reference `OpenProject' on page 11 undefined on input line 65.

<images/RsmOpenProject.png, id=166, 136.51pt x 90.3375pt>
File: images/RsmOpenProject.png Graphic file (type png)

<use images/RsmOpenProject.png>
<images/RsmOpenProject2.png, id=167, 149.55875pt x 90.3375pt>
File: images/RsmOpenProject2.png Graphic file (type png)

<use images/RsmOpenProject2.png>

Package Fancyhdr Warning: \headheight is too small (14.49998pt): 
 Make it at least 14.84344pt.
 We now make it that large for the rest of the document.
 This may cause the page layout to be inconsistent, however.

[11 <./images/RsmOpenProject.png (PNG copy)> <./images/RsmOpenProject2.png (PNG
 copy)>]

LaTeX Warning: Reference `subsubsection:EditingDomaine' on page 12 undefined on
 input line 90.


LaTeX Warning: Reference `subsubsection:EditingDomaine' on page 12 undefined on
 input line 90.


LaTeX Warning: Reference `PapyrusProject' on page 12 undefined on input line 10
5.


LaTeX Warning: Reference `PapyrusProject' on page 12 undefined on input line 10
5.

LaTeX Font Info:    Try loading font information for T1+cmtt on input line 105.

(/usr/share/texmf-texlive/tex/latex/base/t1cmtt.fd
File: t1cmtt.fd 1999/05/25 v2.5h Standard LaTeX font definitions
)
<images/PapyrusProject.png, id=187, 124.96687pt x 57.21375pt>
File: images/PapyrusProject.png Graphic file (type png)

<use images/PapyrusProject.png>

LaTeX Warning: `!h' float specifier changed to `!ht'.

[12] <images/DiagAdapter.png, id=207, 299.1175pt x 166.6225pt>
File: images/DiagAdapter.png Graphic file (type png)

<use images/DiagAdapter.png>
Underfull \hbox (badness 5490) in paragraph at lines 155--156
[]\T1/cmr/m/n/12 Tous les édi-teurs im-plé-mentent
 []


Underfull \hbox (badness 1796) in paragraph at lines 155--156
\T1/cmr/m/n/12 re-tourner un ob-jet de la classe
 []

[13 <./images/PapyrusProject.png (PNG copy)> <./images/DiagAdapter.png (PNG cop
y)>]

LaTeX Warning: Reference `stereotype' on page 14 undefined on input line 179.


LaTeX Warning: Reference `stereotype' on page 14 undefined on input line 179.

<images/stereotype.png, id=220, 162.6075pt x 57.21375pt>
File: images/stereotype.png Graphic file (type png)

<use images/stereotype.png> [14 <./images/stereotype.png (PNG copy)>]

LaTeX Warning: Reference `ProblemLink' on page 15 undefined on input line 243.


LaTeX Warning: Reference `ProblemLink' on page 15 undefined on input line 243.

<images/Papyrus.png, id=232, 820.06375pt x 501.875pt>
File: images/Papyrus.png Graphic file (type png)
 <use images/Papyrus.png>

LaTeX Warning: Reference `ProblemLink' on page 15 undefined on input line 255.


LaTeX Warning: Reference `ProblemLink' on page 15 undefined on input line 255.

[15] [16 <./images/Papyrus.png (PNG copy)>]) (./eclipse.tex

LaTeX Warning: Reference `PlatformEclipse' on page 17 undefined on input line 1
5.


LaTeX Warning: Reference `PlatformEclipse' on page 17 undefined on input line 1
5.

[17] <images/archi_eclipse_platform.png, id=264, 551.05875pt x 345.29pt>
File: images/archi_eclipse_platform.png Graphic file (type png)

<use images/archi_eclipse_platform.png>

LaTeX Warning: Reference `figure:EclipsePlatformDeploiement' on page 18 undefin
ed on input line 56.


LaTeX Warning: Reference `figure:EclipsePlatformDeploiement' on page 18 undefin
ed on input line 56.

[18 <./images/archi_eclipse_platform.png>]
<images/archi_eclipse_deploiement.png, id=277, 364.36125pt x 194.7275pt>
File: images/archi_eclipse_deploiement.png Graphic file (type png)

<use images/archi_eclipse_deploiement.png>) (./build.tex [19 <./images/archi_ec
lipse_deploiement.png>]
<images/AvantBuild.png, id=290, 490.08093pt x 160.34906pt>
File: images/AvantBuild.png Graphic file (type png)

<use images/AvantBuild.png>

LaTeX Warning: Reference `AvantAmeliorationBuild' on page 20 undefined on input
 line 18.


LaTeX Warning: Reference `AvantAmeliorationBuild' on page 20 undefined on input
 line 18.


LaTeX Warning: Reference `AmeliorationBuild' on page 20 undefined on input line
 33.


LaTeX Warning: Reference `AmeliorationBuild' on page 20 undefined on input line
 33.

<images/AmeliorationBuild.png, id=291, 630.85687pt x 436.63126pt>
File: images/AmeliorationBuild.png Graphic file (type png)

<use images/AmeliorationBuild.png>

LaTeX Warning: `!h' float specifier changed to `!ht'.

[20 <./images/AvantBuild.png (PNG copy)>] [21 <./images/AmeliorationBuild.png (
PNG copy)>]) (./pointExtension.tex

LaTeX Warning: Reference `extension_point' on page 22 undefined on input line 8
.

<images/extension_point.png, id=313, 393.47pt x 315.1775pt>
File: images/extension_point.png Graphic file (type png)

<use images/extension_point.png> [22 <./images/extension_point.png>]

LaTeX Warning: Reference `extension_point_sequence' on page 23 undefined on inp
ut line 34.


LaTeX Warning: Reference `extension_point_sequence' on page 23 undefined on inp
ut line 34.

<images/extension_sequense_diagram.png, id=323, 589.20125pt x 607.26875pt>
File: images/extension_sequense_diagram.png Graphic file (type png)

<use images/extension_sequense_diagram.png>

LaTeX Warning: Reference `OSGI' on page 23 undefined on input line 47.


LaTeX Warning: Reference `OSGI' on page 23 undefined on input line 47.

[23 <./images/extension_sequense_diagram.png (PNG copy)>] [24]
<images/UsePapyrusExtensionPoint.png, id=355, 694.595pt x 362.35374pt>
File: images/UsePapyrusExtensionPoint.png Graphic file (type png)

<use images/UsePapyrusExtensionPoint.png>

LaTeX Warning: Reference `figure:UsePapyrusExtensionPoint' on page 25 undefined
 on input line 119.


LaTeX Warning: Reference `figure:UsePapyrusExtensionPoint' on page 25 undefined
 on input line 119.

[25 <./images/UsePapyrusExtensionPoint.png (PNG copy)>]) (./bilan.tex [26]
Chapitre 3.
[27

]) (./bibliographie.tex [28])) [29

]
\openout2 = `resume.aux'.

 (./resume.tex) [30

]
(./Rapport_de_stage.aux (./remerciements.aux) (./resume.aux)
! Extra }, or forgotten \endgroup.
l.141 ...ographie / Netographie}{29}{chapter*.87}}
                                                  
I've deleted a group-closing symbol because it seems to be
spurious, as in `$x}$'. But perhaps the } is legitimate and
you forgot something else, as in `\hbox{$x}'. In such cases
the way to recover is to insert both the forgotten and the
deleted material, e.g., by typing `I$}'.

(./resume.aux))

LaTeX Warning: There were undefined references.


LaTeX Warning: Label(s) may have changed. Rerun to get cross-references right.

 ) 
Here is how much of TeX's memory you used:
 7994 strings out of 95086
 108187 string characters out of 1183255
 165630 words of memory out of 1500000
 10697 multiletter control sequences out of 10000+50000
 27709 words of font info for 70 fonts, out of 1200000 for 2000
 28 hyphenation exceptions out of 8191
 35i,12n,49p,643b,1451s stack positions out of 5000i,500n,6000p,200000b,5000s
pdfTeX warning (dest): name{Hfootnote.10} has been referenced but does not ex
ist, replaced by a fixed one

 </home/bmarc/.texmf-var/fonts/pk/ljfour/jknappen/ec/ecit1095.600pk> </home/bma
rc/.texmf-var/fonts/pk/ljfour/jknappen/ec/ecrm1095.600pk> </home/bmarc/.texmf-v
ar/fonts/pk/ljfour/jknappen/ec/ectt0800.450pk> </home/bmarc/.texmf-var/fonts/pk
/ljfour/jknappen/ec/ecbi1440.600pk> </home/bmarc/.texmf-var/fonts/pk/ljfour/jkn
appen/ec/ectt1095.600pk> </home/bmarc/.texmf-var/fonts/pk/ljfour/jknappen/ec/ec
ti1000.600pk> </home/bmarc/.texmf-var/fonts/pk/ljfour/jknappen/ec/ectt1200.600p
k> </home/bmarc/.texmf-var/fonts/pk/ljfour/jknappen/ec/ecbx1440.600pk> </home/b
marc/.texmf-var/fonts/pk/ljfour/jknappen/ec/ecti1200.600pk> </home/bmarc/.texmf
-var/fonts/pk/ljfour/jknappen/ec/ecrm1000.600pk> </home/bmarc/.texmf-var/fonts/
pk/ljfour/jknappen/ec/ecrm0700.600pk> </home/bmarc/.texmf-var/fonts/pk/ljfour/j
knappen/ec/ecti1095.600pk> </home/bmarc/.texmf-var/fonts/pk/ljfour/jknappen/ec/
ecbx1095.600pk> </home/bmarc/.texmf-var/fonts/pk/ljfour/jknappen/ec/ecxc1095.60
0pk> </home/bmarc/.texmf-var/fonts/pk/ljfour/jknappen/ec/ecrm0800.600pk> </home
/bmarc/.texmf-var/fonts/pk/ljfour/jknappen/ec/ecbx1728.600pk> </home/bmarc/.tex
mf-var/fonts/pk/ljfour/jknappen/ec/ecbx2488.600pk> </home/bmarc/.texmf-var/font
s/pk/ljfour/jknappen/ec/ecbx1200.600pk> </home/bmarc/.texmf-var/fonts/pk/ljfour
/jknappen/ec/ecrm1200.600pk></usr/share/texmf-texlive/fonts/type1/bluesky/cm/cm
sy10.pfb>
Output written on Rapport_de_stage.pdf (34 pages, 1743318 bytes).
PDF statistics:
 1185 PDF objects out of 1200 (max. 8388607)
 239 named destinations out of 1000 (max. 131072)
 137 words of extra memory for PDF output out of 10000 (max. 10000000)

ype  H <return>  for immediate help.
 ...                                              
                                                  
l.248 ...s[width=.9\linewidth]{images/Papyrus.png}
                                                  
Try typing  <return>  to proceed.
If that doesn't work, type  X <return>  to quit.

File: images/Papyrus.png Graphic file (type eps)
<images/Papyrus.png>

LaTeX Warning: Reference `ProblemLink' on page 16 undefined on input line 255.


LaTeX Warning: Reference `ProblemLink' on page 16 undefined on input line 255.

[16] [17]) (./eclipse.tex [18]

LaTeX Warning: Reference `PlatformEclipse' on page 19 undefined on input line 1
5.


LaTeX Warning: Reference `PlatformEclipse' on page 19 undefined on input line 1
5.


! LaTeX Error: Cannot determine size of graphic in images/archi_eclipse_platfor
m.png (no BoundingBox).

See the LaTeX manual or LaTeX Companion for explanation.
Type  H <return>  for immediate help.
 ...                                              
                                                  
l.29 ...le=.55]{images/archi_eclipse_platform.png}
                                                  
Try typing  <return>  to proceed.
If that doesn't work, type  X <return>  to quit.

File: images/archi_eclipse_platform.png Graphic file (type eps)
<images/archi_eclipse_platform.png>

LaTeX Warning: Reference `figure:EclipsePlatformDeploiement' on page 19 undefin
ed on input line 56.


LaTeX Warning: Reference `figure:EclipsePlatformDeploiement' on page 19 undefin
ed on input line 56.

[19]

! LaTeX Error: Cannot determine size of graphic in images/archi_eclipse_deploie
ment.png (no BoundingBox).

See the LaTeX manual or LaTeX Companion for explanation.
Type  H <return>  for immediate help.
 ...                                              
                                                  
l.62 ....55]{images/archi_eclipse_deploiement.png}
                                                  
Try typing  <return>  to proceed.
If that doesn't work, type  X <return>  to quit.

File: images/archi_eclipse_deploiement.png Graphic file (type eps)
<images/archi_eclipse_deploiement.png>) (./build.tex

! LaTeX Error: Cannot determine size of graphic in images/AvantBuild.png (no Bo
undingBox).

See the LaTeX manual or LaTeX Companion for explanation.
Type  H <return>  for immediate help.
 ...                                              
                                                  
l.12 ...egraphics[scale=.6]{images/AvantBuild.png}
                                                  
Try typing  <return>  to proceed.
If that doesn't work, type  X <return>  to quit.

File: images/AvantBuild.png Graphic file (type eps)
<images/AvantBuild.png> [20]

LaTeX Warning: Reference `AvantAmeliorationBuild' on page 21 undefined on input
 line 18.


LaTeX Warning: Reference `AvantAmeliorationBuild' on page 21 undefined on input
 line 18.


LaTeX Warning: Reference `AmeliorationBuild' on page 21 undefined on input line
 33.


LaTeX Warning: Reference `AmeliorationBuild' on page 21 undefined on input line
 33.


! LaTeX Error: Cannot determine size of graphic in images/AmeliorationBuild.png
 (no BoundingBox).

See the LaTeX manual or LaTeX Companion for explanation.
Type  H <return>  for immediate help.
 ...                                              
                                                  
l.39 ...eight=7.5cm]{images/AmeliorationBuild.png}
                                                  
Try typing  <return>  to proceed.
If that doesn't work, type  X <return>  to quit.

File: images/AmeliorationBuild.png Graphic file (type eps)
<images/AmeliorationBuild.png>

LaTeX Warning: `!h' float specifier changed to `!ht'.

[21]) (./pointExtension.tex [22]

LaTeX Warning: Reference `extension_point' on page 23 undefined on input line 8
.


! LaTeX Error: Cannot determine size of graphic in images/extension_point.png (
no BoundingBox).

See the LaTeX manual or LaTeX Companion for explanation.
Type  H <return>  for immediate help.
 ...                                              
                                                  
l.17 ...hics[scale=.5]{images/extension_point.png}
                                                  
Try typing  <return>  to proceed.
If that doesn't work, type  X <return>  to quit.

File: images/extension_point.png Graphic file (type eps)
<images/extension_point.png>

LaTeX Warning: Reference `extension_point_sequence' on page 23 undefined on inp
ut line 34.


LaTeX Warning: Reference `extension_point_sequence' on page 23 undefined on inp
ut line 34.


! LaTeX Error: Cannot determine size of graphic in images/extension_sequense_di
agram.png (no BoundingBox).

See the LaTeX manual or LaTeX Companion for explanation.
Type  H <return>  for immediate help.
 ...                                              
                                                  
l.38 ....7]{images/extension_sequense_diagram.png}
                                                  
Try typing  <return>  to proceed.
If that doesn't work, type  X <return>  to quit.

File: images/extension_sequense_diagram.png Graphic file (type eps)
<images/extension_sequense_diagram.png>

LaTeX Warning: Reference `OSGI' on page 23 undefined on input line 47.


LaTeX Warning: Reference `OSGI' on page 23 undefined on input line 47.

[23] [24]

! LaTeX Error: Cannot determine size of graphic in images/UsePapyrusExtensionPo
int.png (no BoundingBox).

See the LaTeX manual or LaTeX Companion for explanation.
Type  H <return>  for immediate help.
 ...                                              
                                                  
l.113 ...=.5]{images/UsePapyrusExtensionPoint.png}
                                                  
Try typing  <return>  to proceed.
If that doesn't work, type  X <return>  to quit.

File: images/UsePapyrusExtensionPoint.png Graphic file (type eps)
<images/UsePapyrusExtensionPoint.png>

LaTeX Warning: Reference `figure:UsePapyrusExtensionPoint' on page 25 undefined
 on input line 119.


LaTeX Warning: Reference `figure:UsePapyrusExtensionPoint' on page 25 undefined
 on input line 119.

[25]) (./bilan.tex [26]
Chapitre 3.
[27

]) (./bibliographie.tex [28])) [29

]
\openout2 = `resume.aux'.

 (./resume.tex) [30

]
(./Rapport_de_stage.aux (./remerciements.aux) (./resume.aux))

LaTeX Warning: There were undefined references.


LaTeX Warning: Label(s) may have changed. Rerun to get cross-references right.

 ) 
Here is how much of TeX's memory you used:
 7690 strings out of 95087
 103289 string characters out of 1183278
 163617 words of memory out of 1500000
 10640 multiletter control sequences out of 10000+50000
 27709 words of font info for 70 fonts, out of 1200000 for 2000
 28 hyphenation exceptions out of 8191
 35i,12n,49p,1656b,1411s stack positions out of 5000i,500n,6000p,200000b,5000s

Output written on Rapport_de_stage.dvi (34 pages, 136468 bytes).
